<?xml version="1.0" encoding="utf-8"?>
<TestRun id="fb216440-3c99-4f15-b978-7454b12bf484" name="Shank_24@SHANKY 2020-10-10 05:35:58" runUser="Shanky\Shank_24" xmlns="http://microsoft.com/schemas/VisualStudio/TeamTest/2010">
  <Times creation="2020-10-10T05:35:59.0132424+05:30" queuing="2020-10-10T05:35:59.0132424+05:30" start="2020-10-10T05:35:57.5022790+05:30" finish="2020-10-10T05:35:59.0530374+05:30" />
  <TestSettings name="default" id="b0c718bd-73df-4d2c-b90e-e61aa2a61eff">
    <Deployment runDeploymentRoot="Shank_24_SHANKY_2020-10-10_05_35_58" />
  </TestSettings>
  <Results>
    <UnitTestResult executionId="0e29d90d-7486-4000-9a8f-ea590ce9a942" testId="1fdd6013-8c07-4248-89c1-9307160fedd8" testName="GameEngine.Tests.BossEnemyShould.HaveCorrectPower" computerName="SHANKY" duration="00:00:00.0064732" startTime="2020-10-10T05:35:58.7171225+05:30" endTime="2020-10-10T05:35:58.7172038+05:30" testType="13cdc9d9-ddb5-4fa4-a97d-d965ccfc6d4b" outcome="Passed" testListId="8c84fa94-04c1-424b-9868-57a2d4851a1d" relativeResultsDirectory="0e29d90d-7486-4000-9a8f-ea590ce9a942">
      <Output>
        <StdOut>Test Demo</StdOut>
      </Output>
    </UnitTestResult>
  </Results>
  <TestDefinitions>
    <UnitTest name="GameEngine.Tests.BossEnemyShould.HaveCorrectPower" storage="e:\learning\xunit\02\demos\before\01addingtestproject\xunittestproject1\bin\debug\netcoreapp3.1\gameengine.tests.dll" id="1fdd6013-8c07-4248-89c1-9307160fedd8">
      <Execution id="0e29d90d-7486-4000-9a8f-ea590ce9a942" />
      <TestMethod codeBase="E:\Learning\xUnit\02\demos\before\01AddingTestProject\XUnitTestProject1\bin\Debug\netcoreapp3.1\GameEngine.Tests.dll" adapterTypeName="executor://xunit/VsTestRunner2/netcoreapp" className="GameEngine.Tests.BossEnemyShould" name="HaveCorrectPower" />
    </UnitTest>
  </TestDefinitions>
  <TestEntries>
    <TestEntry testId="1fdd6013-8c07-4248-89c1-9307160fedd8" executionId="0e29d90d-7486-4000-9a8f-ea590ce9a942" testListId="8c84fa94-04c1-424b-9868-57a2d4851a1d" />
  </TestEntries>
  <TestLists>
    <TestList name="Results Not in a List" id="8c84fa94-04c1-424b-9868-57a2d4851a1d" />
    <TestList name="All Loaded Results" id="19431567-8539-422a-85d7-44ee4e166bda" />
  </TestLists>
  <ResultSummary outcome="Completed">
    <Counters total="1" executed="1" passed="1" failed="0" error="0" timeout="0" aborted="0" inconclusive="0" passedButRunAborted="0" notRunnable="0" notExecuted="0" disconnected="0" warning="0" completed="0" inProgress="0" pending="0" />
    <Output>
      <StdOut>[xUnit.net 00:00:00.00] xUnit.net VSTest Adapter v2.4.0 (64-bit .NET Core 3.1.8)&#xD;
[xUnit.net 00:00:00.41]   Discovering: GameEngine.Tests&#xD;
[xUnit.net 00:00:00.47]   Discovered:  GameEngine.Tests&#xD;
[xUnit.net 00:00:00.47]   Starting:    GameEngine.Tests&#xD;
[xUnit.net 00:00:00.56]   Finished:    GameEngine.Tests&#xD;
</StdOut>
    </Output>
  </ResultSummary>
</TestRun>